c:\users\faiza\onedrive - newcastle university\csc8502 2021\csc8502 2021\zxemulator\x64\debug\vc142.pdb
c:\users\faiza\onedrive - newcastle university\csc8502 2021\csc8502 2021\zxemulator\x64\debug\vc142.idb
c:\users\faiza\onedrive - newcastle university\csc8502 2021\csc8502 2021\zxemulator\x64\debug\zxemulator.obj
c:\users\faiza\onedrive - newcastle university\csc8502 2021\csc8502 2021\zxemulator\x64\debug\renderer.obj
c:\users\faiza\onedrive - newcastle university\csc8502 2021\csc8502 2021\x64\debug\zxemulator.exe
c:\users\faiza\onedrive - newcastle university\csc8502 2021\csc8502 2021\zxemulator\x64\debug\zxemulator.ilk
c:\users\faiza\onedrive - newcastle university\csc8502 2021\csc8502 2021\x64\debug\zxemulator.pdb
c:\users\b9059648\onedrive - newcastle university\csc8502 2021\csc8502 2021\zxemulator\x64\debug\renderer.obj
c:\users\b9059648\onedrive - newcastle university\csc8502 2021\csc8502 2021\zxemulator\x64\debug\zxemulator.obj
c:\users\b9059648\onedrive - newcastle university\csc8502 2021\csc8502 2021\zxemulator\x64\debug\zxemulator.ilk
c:\users\b9059648\onedrive - newcastle university\csc8502 2021\csc8502 2021\zxemulator\x64\debug\vc142.idb
c:\users\b9059648\onedrive - newcastle university\csc8502 2021\csc8502 2021\zxemulator\x64\debug\vc142.pdb
c:\users\b9059648\onedrive - newcastle university\csc8502 2021\csc8502 2021\x64\debug\zxemulator.pdb
c:\users\b9059648\onedrive - newcastle university\csc8502 2021\csc8502 2021\x64\debug\zxemulator.exe
c:\users\b9059648\onedrive - newcastle university\csc8502 2021\csc8502 2021\zxemulator\x64\debug\zxemulator.tlog\cl.command.1.tlog
c:\users\b9059648\onedrive - newcastle university\csc8502 2021\csc8502 2021\zxemulator\x64\debug\zxemulator.tlog\cl.read.1.tlog
c:\users\b9059648\onedrive - newcastle university\csc8502 2021\csc8502 2021\zxemulator\x64\debug\zxemulator.tlog\cl.write.1.tlog
c:\users\b9059648\onedrive - newcastle university\csc8502 2021\csc8502 2021\zxemulator\x64\debug\zxemulator.tlog\link.command.1.tlog
c:\users\b9059648\onedrive - newcastle university\csc8502 2021\csc8502 2021\zxemulator\x64\debug\zxemulator.tlog\link.read.1.tlog
c:\users\b9059648\onedrive - newcastle university\csc8502 2021\csc8502 2021\zxemulator\x64\debug\zxemulator.tlog\link.write.1.tlog
