  glad.c
  Camera.cpp
  ComputeShader.cpp
  GameTimer.cpp
  HeightMap.cpp
C:\Users\faiza\OneDrive - Newcastle University\CSC8502 2021\CSC8502 2021\nclgl\HeightMap.cpp(25,48): warning C4244: 'argument': conversion from 'int' to 'const float', possible loss of data
C:\Users\faiza\OneDrive - Newcastle University\CSC8502 2021\CSC8502 2021\nclgl\HeightMap.cpp(25,31): warning C4244: 'argument': conversion from 'int' to 'const float', possible loss of data
C:\Users\faiza\OneDrive - Newcastle University\CSC8502 2021\CSC8502 2021\nclgl\HeightMap.cpp(26,39): warning C4244: 'argument': conversion from 'int' to 'const float', possible loss of data
C:\Users\faiza\OneDrive - Newcastle University\CSC8502 2021\CSC8502 2021\nclgl\HeightMap.cpp(26,36): warning C4244: 'argument': conversion from 'int' to 'const float', possible loss of data
  Keyboard.cpp
  Matrix2.cpp
  Matrix3.cpp
  Matrix4.cpp
  Mesh.cpp
  MeshAnimation.cpp
  MeshMaterial.cpp
  Mouse.cpp
  OGLRenderer.cpp
C:\Users\faiza\OneDrive - Newcastle University\CSC8502 2021\CSC8502 2021\nclgl\OGLRenderer.cpp(138,42): error C2039: 'DebugCallback': is not a member of 'OGLRenderer'
C:\Users\faiza\OneDrive - Newcastle University\CSC8502 2021\CSC8502 2021\nclgl\OGLRenderer.h(48): message : see declaration of 'OGLRenderer'
C:\Users\faiza\OneDrive - Newcastle University\CSC8502 2021\CSC8502 2021\nclgl\OGLRenderer.cpp(138,55): error C2065: 'DebugCallback': undeclared identifier
C:\Users\faiza\OneDrive - Newcastle University\CSC8502 2021\CSC8502 2021\nclgl\OGLRenderer.cpp(222,19): error C2039: 'DebugCallback': is not a member of 'OGLRenderer'
C:\Users\faiza\OneDrive - Newcastle University\CSC8502 2021\CSC8502 2021\nclgl\OGLRenderer.h(48): message : see declaration of 'OGLRenderer'
  Quaternion.cpp
  Shader.cpp
  Window.cpp
